The target system is: Android - 1 - i686
The host system is: Darwin - 20.3.0 - x86_64
Determining if the CXX compiler works passed with the following output:
Change Dir: /Users/valimagomedov/Projects/rpo22/libs/spdlog/build/x86/CMakeFiles/CMakeTmp

Run Build Command:"/usr/bin/make" "cmTC_d87e6/fast"
/Library/Developer/CommandLineTools/usr/bin/make -f CMakeFiles/cmTC_d87e6.dir/build.make CMakeFiles/cmTC_d87e6.dir/build
Building CXX object CMakeFiles/cmTC_d87e6.dir/testCXXCompiler.cxx.o
/Users/valimagomedov/Library/Android/sdk/ndk/23.0.7123448/toolchains/llvm/prebuilt/darwin-x86_64/bin/clang++ --target=i686-none-linux-android16 --gcc-toolchain=/Users/valimagomedov/Library/Android/sdk/ndk/23.0.7123448/toolchains/llvm/prebuilt/darwin-x86_64 --sysroot=/Users/valimagomedov/Library/Android/sdk/ndk/23.0.7123448/toolchains/llvm/prebuilt/darwin-x86_64/sysroot    -g -DANDROID -fdata-sections -ffunction-sections -funwind-tables -fstack-protector-strong -no-canonical-prefixes -mstackrealign -D_FORTIFY_SOURCE=2 -Wformat -Werror=format-security  -DSPDLOG_COMPILED_LIBS  -fPIE   -o CMakeFiles/cmTC_d87e6.dir/testCXXCompiler.cxx.o -c /Users/valimagomedov/Projects/rpo22/libs/spdlog/build/x86/CMakeFiles/CMakeTmp/testCXXCompiler.cxx
Linking CXX executable cmTC_d87e6
/Users/valimagomedov/Library/Android/sdk/cmake/3.10.2.4988404/bin/cmake -E cmake_link_script CMakeFiles/cmTC_d87e6.dir/link.txt --verbose=1
/Users/valimagomedov/Library/Android/sdk/ndk/23.0.7123448/toolchains/llvm/prebuilt/darwin-x86_64/bin/clang++ --target=i686-none-linux-android16 --gcc-toolchain=/Users/valimagomedov/Library/Android/sdk/ndk/23.0.7123448/toolchains/llvm/prebuilt/darwin-x86_64 --sysroot=/Users/valimagomedov/Library/Android/sdk/ndk/23.0.7123448/toolchains/llvm/prebuilt/darwin-x86_64/sysroot  -g -DANDROID -fdata-sections -ffunction-sections -funwind-tables -fstack-protector-strong -no-canonical-prefixes -mstackrealign -D_FORTIFY_SOURCE=2 -Wformat -Werror=format-security  -DSPDLOG_COMPILED_LIBS   -Wl,--exclude-libs,libgcc.a -Wl,--exclude-libs,libgcc_real.a -Wl,--exclude-libs,libatomic.a -static-libstdc++ -Wl,--build-id=sha1 -Wl,--no-rosegment -Wl,--fatal-warnings -Wl,--no-undefined -Qunused-arguments -Wl,--gc-sections   CMakeFiles/cmTC_d87e6.dir/testCXXCompiler.cxx.o  -o cmTC_d87e6 -latomic -lm 


Detecting CXX compiler ABI info compiled with the following output:
Change Dir: /Users/valimagomedov/Projects/rpo22/libs/spdlog/build/x86/CMakeFiles/CMakeTmp

Run Build Command:"/usr/bin/make" "cmTC_99b2c/fast"
/Library/Developer/CommandLineTools/usr/bin/make -f CMakeFiles/cmTC_99b2c.dir/build.make CMakeFiles/cmTC_99b2c.dir/build
Building CXX object CMakeFiles/cmTC_99b2c.dir/CMakeCXXCompilerABI.cpp.o
/Users/valimagomedov/Library/Android/sdk/ndk/23.0.7123448/toolchains/llvm/prebuilt/darwin-x86_64/bin/clang++ --target=i686-none-linux-android16 --gcc-toolchain=/Users/valimagomedov/Library/Android/sdk/ndk/23.0.7123448/toolchains/llvm/prebuilt/darwin-x86_64 --sysroot=/Users/valimagomedov/Library/Android/sdk/ndk/23.0.7123448/toolchains/llvm/prebuilt/darwin-x86_64/sysroot    -g -DANDROID -fdata-sections -ffunction-sections -funwind-tables -fstack-protector-strong -no-canonical-prefixes -mstackrealign -D_FORTIFY_SOURCE=2 -Wformat -Werror=format-security  -DSPDLOG_COMPILED_LIBS  -fPIE   -o CMakeFiles/cmTC_99b2c.dir/CMakeCXXCompilerABI.cpp.o -c /Users/valimagomedov/Library/Android/sdk/cmake/3.10.2.4988404/share/cmake-3.10/Modules/CMakeCXXCompilerABI.cpp
Linking CXX executable cmTC_99b2c
/Users/valimagomedov/Library/Android/sdk/cmake/3.10.2.4988404/bin/cmake -E cmake_link_script CMakeFiles/cmTC_99b2c.dir/link.txt --verbose=1
/Users/valimagomedov/Library/Android/sdk/ndk/23.0.7123448/toolchains/llvm/prebuilt/darwin-x86_64/bin/clang++ --target=i686-none-linux-android16 --gcc-toolchain=/Users/valimagomedov/Library/Android/sdk/ndk/23.0.7123448/toolchains/llvm/prebuilt/darwin-x86_64 --sysroot=/Users/valimagomedov/Library/Android/sdk/ndk/23.0.7123448/toolchains/llvm/prebuilt/darwin-x86_64/sysroot  -g -DANDROID -fdata-sections -ffunction-sections -funwind-tables -fstack-protector-strong -no-canonical-prefixes -mstackrealign -D_FORTIFY_SOURCE=2 -Wformat -Werror=format-security  -DSPDLOG_COMPILED_LIBS   -Wl,--exclude-libs,libgcc.a -Wl,--exclude-libs,libgcc_real.a -Wl,--exclude-libs,libatomic.a -static-libstdc++ -Wl,--build-id=sha1 -Wl,--no-rosegment -Wl,--fatal-warnings -Wl,--no-undefined -Qunused-arguments -Wl,--gc-sections  -v CMakeFiles/cmTC_99b2c.dir/CMakeCXXCompilerABI.cpp.o  -o cmTC_99b2c 
Android (6875598, based on r399163b) clang version 11.0.5 (https://android.googlesource.com/toolchain/llvm-project 87f1315dfbea7c137aa2e6d362dbb457e388158d)
Target: i686-none-linux-android16
Thread model: posix
InstalledDir: /Users/valimagomedov/Library/Android/sdk/ndk/23.0.7123448/toolchains/llvm/prebuilt/darwin-x86_64/bin
Found candidate GCC installation: /Users/valimagomedov/Library/Android/sdk/ndk/23.0.7123448/toolchains/llvm/prebuilt/darwin-x86_64/lib/gcc/i686-linux-android/4.9.x
Found candidate GCC installation: /Users/valimagomedov/Library/Android/sdk/ndk/23.0.7123448/toolchains/llvm/prebuilt/darwin-x86_64/lib/gcc/x86_64-linux-android/4.9.x
Selected GCC installation: /Users/valimagomedov/Library/Android/sdk/ndk/23.0.7123448/toolchains/llvm/prebuilt/darwin-x86_64/lib/gcc/i686-linux-android/4.9.x
Candidate multilib: .;@m32
Selected multilib: .;@m32
 "/Users/valimagomedov/Library/Android/sdk/ndk/23.0.7123448/toolchains/llvm/prebuilt/darwin-x86_64/bin/ld" --sysroot=/Users/valimagomedov/Library/Android/sdk/ndk/23.0.7123448/toolchains/llvm/prebuilt/darwin-x86_64/sysroot -pie -z noexecstack --warn-shared-textrel -z now -z relro --hash-style=both --enable-new-dtags --eh-frame-hdr -m elf_i386 -dynamic-linker /system/bin/linker -o cmTC_99b2c /Users/valimagomedov/Library/Android/sdk/ndk/23.0.7123448/toolchains/llvm/prebuilt/darwin-x86_64/sysroot/usr/lib/i686-linux-android/16/crtbegin_dynamic.o -L/Users/valimagomedov/Library/Android/sdk/ndk/23.0.7123448/toolchains/llvm/prebuilt/darwin-x86_64/lib64/clang/11.0.5/lib/linux/i386 -L/Users/valimagomedov/Library/Android/sdk/ndk/23.0.7123448/toolchains/llvm/prebuilt/darwin-x86_64/lib/gcc/i686-linux-android/4.9.x -L/Users/valimagomedov/Library/Android/sdk/ndk/23.0.7123448/toolchains/llvm/prebuilt/darwin-x86_64/sysroot/usr/lib/i686-linux-android/16 -L/Users/valimagomedov/Library/Android/sdk/ndk/23.0.7123448/toolchains/llvm/prebuilt/darwin-x86_64/sysroot/usr/lib/i686-linux-android -L/Users/valimagomedov/Library/Android/sdk/ndk/23.0.7123448/toolchains/llvm/prebuilt/darwin-x86_64/sysroot/usr/lib --exclude-libs libgcc.a --exclude-libs libgcc_real.a --exclude-libs libatomic.a --build-id=sha1 --no-rosegment --fatal-warnings --no-undefined --gc-sections CMakeFiles/cmTC_99b2c.dir/CMakeCXXCompilerABI.cpp.o -Bstatic -lc++ -Bdynamic -lm -lgcc -ldl -lc -lgcc -ldl /Users/valimagomedov/Library/Android/sdk/ndk/23.0.7123448/toolchains/llvm/prebuilt/darwin-x86_64/sysroot/usr/lib/i686-linux-android/16/crtend_android.o


Parsed CXX implicit link information from above output:
  link line regex: [^( *|.*[/\])(CMAKE_LINKER-NOTFOUND|CMAKE_LINK_STARTFILE-NOTFOUND|([^/\]+-)?ld|collect2)[^/\]*( |$)]
  ignore line: [Change Dir: /Users/valimagomedov/Projects/rpo22/libs/spdlog/build/x86/CMakeFiles/CMakeTmp]
  ignore line: []
  ignore line: [Run Build Command:"/usr/bin/make" "cmTC_99b2c/fast"]
  ignore line: [/Library/Developer/CommandLineTools/usr/bin/make -f CMakeFiles/cmTC_99b2c.dir/build.make CMakeFiles/cmTC_99b2c.dir/build]
  ignore line: [Building CXX object CMakeFiles/cmTC_99b2c.dir/CMakeCXXCompilerABI.cpp.o]
  ignore line: [/Users/valimagomedov/Library/Android/sdk/ndk/23.0.7123448/toolchains/llvm/prebuilt/darwin-x86_64/bin/clang++ --target=i686-none-linux-android16 --gcc-toolchain=/Users/valimagomedov/Library/Android/sdk/ndk/23.0.7123448/toolchains/llvm/prebuilt/darwin-x86_64 --sysroot=/Users/valimagomedov/Library/Android/sdk/ndk/23.0.7123448/toolchains/llvm/prebuilt/darwin-x86_64/sysroot    -g -DANDROID -fdata-sections -ffunction-sections -funwind-tables -fstack-protector-strong -no-canonical-prefixes -mstackrealign -D_FORTIFY_SOURCE=2 -Wformat -Werror=format-security  -DSPDLOG_COMPILED_LIBS  -fPIE   -o CMakeFiles/cmTC_99b2c.dir/CMakeCXXCompilerABI.cpp.o -c /Users/valimagomedov/Library/Android/sdk/cmake/3.10.2.4988404/share/cmake-3.10/Modules/CMakeCXXCompilerABI.cpp]
  ignore line: [Linking CXX executable cmTC_99b2c]
  ignore line: [/Users/valimagomedov/Library/Android/sdk/cmake/3.10.2.4988404/bin/cmake -E cmake_link_script CMakeFiles/cmTC_99b2c.dir/link.txt --verbose=1]
  ignore line: [/Users/valimagomedov/Library/Android/sdk/ndk/23.0.7123448/toolchains/llvm/prebuilt/darwin-x86_64/bin/clang++ --target=i686-none-linux-android16 --gcc-toolchain=/Users/valimagomedov/Library/Android/sdk/ndk/23.0.7123448/toolchains/llvm/prebuilt/darwin-x86_64 --sysroot=/Users/valimagomedov/Library/Android/sdk/ndk/23.0.7123448/toolchains/llvm/prebuilt/darwin-x86_64/sysroot  -g -DANDROID -fdata-sections -ffunction-sections -funwind-tables -fstack-protector-strong -no-canonical-prefixes -mstackrealign -D_FORTIFY_SOURCE=2 -Wformat -Werror=format-security  -DSPDLOG_COMPILED_LIBS   -Wl,--exclude-libs,libgcc.a -Wl,--exclude-libs,libgcc_real.a -Wl,--exclude-libs,libatomic.a -static-libstdc++ -Wl,--build-id=sha1 -Wl,--no-rosegment -Wl,--fatal-warnings -Wl,--no-undefined -Qunused-arguments -Wl,--gc-sections  -v CMakeFiles/cmTC_99b2c.dir/CMakeCXXCompilerABI.cpp.o  -o cmTC_99b2c ]
  ignore line: [Android (6875598, based on r399163b) clang version 11.0.5 (https://android.googlesource.com/toolchain/llvm-project 87f1315dfbea7c137aa2e6d362dbb457e388158d)]
  ignore line: [Target: i686-none-linux-android16]
  ignore line: [Thread model: posix]
  ignore line: [InstalledDir: /Users/valimagomedov/Library/Android/sdk/ndk/23.0.7123448/toolchains/llvm/prebuilt/darwin-x86_64/bin]
  ignore line: [Found candidate GCC installation: /Users/valimagomedov/Library/Android/sdk/ndk/23.0.7123448/toolchains/llvm/prebuilt/darwin-x86_64/lib/gcc/i686-linux-android/4.9.x]
  ignore line: [Found candidate GCC installation: /Users/valimagomedov/Library/Android/sdk/ndk/23.0.7123448/toolchains/llvm/prebuilt/darwin-x86_64/lib/gcc/x86_64-linux-android/4.9.x]
  ignore line: [Selected GCC installation: /Users/valimagomedov/Library/Android/sdk/ndk/23.0.7123448/toolchains/llvm/prebuilt/darwin-x86_64/lib/gcc/i686-linux-android/4.9.x]
  ignore line: [Candidate multilib: .]
  ignore line: [@m32]
  ignore line: [Selected multilib: .]
  ignore line: [@m32]
  link line: [ "/Users/valimagomedov/Library/Android/sdk/ndk/23.0.7123448/toolchains/llvm/prebuilt/darwin-x86_64/bin/ld" --sysroot=/Users/valimagomedov/Library/Android/sdk/ndk/23.0.7123448/toolchains/llvm/prebuilt/darwin-x86_64/sysroot -pie -z noexecstack --warn-shared-textrel -z now -z relro --hash-style=both --enable-new-dtags --eh-frame-hdr -m elf_i386 -dynamic-linker /system/bin/linker -o cmTC_99b2c /Users/valimagomedov/Library/Android/sdk/ndk/23.0.7123448/toolchains/llvm/prebuilt/darwin-x86_64/sysroot/usr/lib/i686-linux-android/16/crtbegin_dynamic.o -L/Users/valimagomedov/Library/Android/sdk/ndk/23.0.7123448/toolchains/llvm/prebuilt/darwin-x86_64/lib64/clang/11.0.5/lib/linux/i386 -L/Users/valimagomedov/Library/Android/sdk/ndk/23.0.7123448/toolchains/llvm/prebuilt/darwin-x86_64/lib/gcc/i686-linux-android/4.9.x -L/Users/valimagomedov/Library/Android/sdk/ndk/23.0.7123448/toolchains/llvm/prebuilt/darwin-x86_64/sysroot/usr/lib/i686-linux-android/16 -L/Users/valimagomedov/Library/Android/sdk/ndk/23.0.7123448/toolchains/llvm/prebuilt/darwin-x86_64/sysroot/usr/lib/i686-linux-android -L/Users/valimagomedov/Library/Android/sdk/ndk/23.0.7123448/toolchains/llvm/prebuilt/darwin-x86_64/sysroot/usr/lib --exclude-libs libgcc.a --exclude-libs libgcc_real.a --exclude-libs libatomic.a --build-id=sha1 --no-rosegment --fatal-warnings --no-undefined --gc-sections CMakeFiles/cmTC_99b2c.dir/CMakeCXXCompilerABI.cpp.o -Bstatic -lc++ -Bdynamic -lm -lgcc -ldl -lc -lgcc -ldl /Users/valimagomedov/Library/Android/sdk/ndk/23.0.7123448/toolchains/llvm/prebuilt/darwin-x86_64/sysroot/usr/lib/i686-linux-android/16/crtend_android.o]
    arg [/Users/valimagomedov/Library/Android/sdk/ndk/23.0.7123448/toolchains/llvm/prebuilt/darwin-x86_64/bin/ld] ==> ignore
    arg [--sysroot=/Users/valimagomedov/Library/Android/sdk/ndk/23.0.7123448/toolchains/llvm/prebuilt/darwin-x86_64/sysroot] ==> ignore
    arg [-pie] ==> ignore
    arg [-znoexecstack] ==> ignore
    arg [--warn-shared-textrel] ==> ignore
    arg [-znow] ==> ignore
    arg [-zrelro] ==> ignore
    arg [--hash-style=both] ==> ignore
    arg [--enable-new-dtags] ==> ignore
    arg [--eh-frame-hdr] ==> ignore
    arg [-m] ==> ignore
    arg [elf_i386] ==> ignore
    arg [-dynamic-linker] ==> ignore
    arg [/system/bin/linker] ==> ignore
    arg [-o] ==> ignore
    arg [cmTC_99b2c] ==> ignore
    arg [/Users/valimagomedov/Library/Android/sdk/ndk/23.0.7123448/toolchains/llvm/prebuilt/darwin-x86_64/sysroot/usr/lib/i686-linux-android/16/crtbegin_dynamic.o] ==> ignore
    arg [-L/Users/valimagomedov/Library/Android/sdk/ndk/23.0.7123448/toolchains/llvm/prebuilt/darwin-x86_64/lib64/clang/11.0.5/lib/linux/i386] ==> dir [/Users/valimagomedov/Library/Android/sdk/ndk/23.0.7123448/toolchains/llvm/prebuilt/darwin-x86_64/lib64/clang/11.0.5/lib/linux/i386]
    arg [-L/Users/valimagomedov/Library/Android/sdk/ndk/23.0.7123448/toolchains/llvm/prebuilt/darwin-x86_64/lib/gcc/i686-linux-android/4.9.x] ==> dir [/Users/valimagomedov/Library/Android/sdk/ndk/23.0.7123448/toolchains/llvm/prebuilt/darwin-x86_64/lib/gcc/i686-linux-android/4.9.x]
    arg [-L/Users/valimagomedov/Library/Android/sdk/ndk/23.0.7123448/toolchains/llvm/prebuilt/darwin-x86_64/sysroot/usr/lib/i686-linux-android/16] ==> dir [/Users/valimagomedov/Library/Android/sdk/ndk/23.0.7123448/toolchains/llvm/prebuilt/darwin-x86_64/sysroot/usr/lib/i686-linux-android/16]
    arg [-L/Users/valimagomedov/Library/Android/sdk/ndk/23.0.7123448/toolchains/llvm/prebuilt/darwin-x86_64/sysroot/usr/lib/i686-linux-android] ==> dir [/Users/valimagomedov/Library/Android/sdk/ndk/23.0.7123448/toolchains/llvm/prebuilt/darwin-x86_64/sysroot/usr/lib/i686-linux-android]
    arg [-L/Users/valimagomedov/Library/Android/sdk/ndk/23.0.7123448/toolchains/llvm/prebuilt/darwin-x86_64/sysroot/usr/lib] ==> dir [/Users/valimagomedov/Library/Android/sdk/ndk/23.0.7123448/toolchains/llvm/prebuilt/darwin-x86_64/sysroot/usr/lib]
    arg [--exclude-libs] ==> ignore
    arg [libgcc.a] ==> ignore
    arg [--exclude-libs] ==> ignore
    arg [libgcc_real.a] ==> ignore
    arg [--exclude-libs] ==> ignore
    arg [libatomic.a] ==> ignore
    arg [--build-id=sha1] ==> ignore
    arg [--no-rosegment] ==> ignore
    arg [--fatal-warnings] ==> ignore
    arg [--no-undefined] ==> ignore
    arg [--gc-sections] ==> ignore
    arg [CMakeFiles/cmTC_99b2c.dir/CMakeCXXCompilerABI.cpp.o] ==> ignore
    arg [-Bstatic] ==> ignore
    arg [-lc++] ==> lib [c++]
    arg [-Bdynamic] ==> ignore
    arg [-lm] ==> lib [m]
    arg [-lgcc] ==> lib [gcc]
    arg [-ldl] ==> lib [dl]
    arg [-lc] ==> lib [c]
    arg [-lgcc] ==> lib [gcc]
    arg [-ldl] ==> lib [dl]
    arg [/Users/valimagomedov/Library/Android/sdk/ndk/23.0.7123448/toolchains/llvm/prebuilt/darwin-x86_64/sysroot/usr/lib/i686-linux-android/16/crtend_android.o] ==> ignore
  collapse library dir [/Users/valimagomedov/Library/Android/sdk/ndk/23.0.7123448/toolchains/llvm/prebuilt/darwin-x86_64/lib64/clang/11.0.5/lib/linux/i386] ==> [/Users/valimagomedov/Library/Android/sdk/ndk/23.0.7123448/toolchains/llvm/prebuilt/darwin-x86_64/lib64/clang/11.0.5/lib/linux/i386]
  collapse library dir [/Users/valimagomedov/Library/Android/sdk/ndk/23.0.7123448/toolchains/llvm/prebuilt/darwin-x86_64/lib/gcc/i686-linux-android/4.9.x] ==> [/Users/valimagomedov/Library/Android/sdk/ndk/23.0.7123448/toolchains/llvm/prebuilt/darwin-x86_64/lib/gcc/i686-linux-android/4.9.x]
  collapse library dir [/Users/valimagomedov/Library/Android/sdk/ndk/23.0.7123448/toolchains/llvm/prebuilt/darwin-x86_64/sysroot/usr/lib/i686-linux-android/16] ==> [/Users/valimagomedov/Library/Android/sdk/ndk/23.0.7123448/toolchains/llvm/prebuilt/darwin-x86_64/sysroot/usr/lib/i686-linux-android/16]
  collapse library dir [/Users/valimagomedov/Library/Android/sdk/ndk/23.0.7123448/toolchains/llvm/prebuilt/darwin-x86_64/sysroot/usr/lib/i686-linux-android] ==> [/Users/valimagomedov/Library/Android/sdk/ndk/23.0.7123448/toolchains/llvm/prebuilt/darwin-x86_64/sysroot/usr/lib/i686-linux-android]
  collapse library dir [/Users/valimagomedov/Library/Android/sdk/ndk/23.0.7123448/toolchains/llvm/prebuilt/darwin-x86_64/sysroot/usr/lib] ==> [/Users/valimagomedov/Library/Android/sdk/ndk/23.0.7123448/toolchains/llvm/prebuilt/darwin-x86_64/sysroot/usr/lib]
  implicit libs: [c++;m;gcc;dl;c;gcc;dl]
  implicit dirs: [/Users/valimagomedov/Library/Android/sdk/ndk/23.0.7123448/toolchains/llvm/prebuilt/darwin-x86_64/lib64/clang/11.0.5/lib/linux/i386;/Users/valimagomedov/Library/Android/sdk/ndk/23.0.7123448/toolchains/llvm/prebuilt/darwin-x86_64/lib/gcc/i686-linux-android/4.9.x;/Users/valimagomedov/Library/Android/sdk/ndk/23.0.7123448/toolchains/llvm/prebuilt/darwin-x86_64/sysroot/usr/lib/i686-linux-android/16;/Users/valimagomedov/Library/Android/sdk/ndk/23.0.7123448/toolchains/llvm/prebuilt/darwin-x86_64/sysroot/usr/lib/i686-linux-android;/Users/valimagomedov/Library/Android/sdk/ndk/23.0.7123448/toolchains/llvm/prebuilt/darwin-x86_64/sysroot/usr/lib]
  implicit fwks: []




Detecting CXX [-std=c++1z] compiler features compiled with the following output:
Change Dir: /Users/valimagomedov/Projects/rpo22/libs/spdlog/build/x86/CMakeFiles/CMakeTmp

Run Build Command:"/usr/bin/make" "cmTC_1e7af/fast"
/Library/Developer/CommandLineTools/usr/bin/make -f CMakeFiles/cmTC_1e7af.dir/build.make CMakeFiles/cmTC_1e7af.dir/build
Building CXX object CMakeFiles/cmTC_1e7af.dir/feature_tests.cxx.o
/Users/valimagomedov/Library/Android/sdk/ndk/23.0.7123448/toolchains/llvm/prebuilt/darwin-x86_64/bin/clang++ --target=i686-none-linux-android16 --gcc-toolchain=/Users/valimagomedov/Library/Android/sdk/ndk/23.0.7123448/toolchains/llvm/prebuilt/darwin-x86_64 --sysroot=/Users/valimagomedov/Library/Android/sdk/ndk/23.0.7123448/toolchains/llvm/prebuilt/darwin-x86_64/sysroot    -g -DANDROID -fdata-sections -ffunction-sections -funwind-tables -fstack-protector-strong -no-canonical-prefixes -mstackrealign -D_FORTIFY_SOURCE=2 -Wformat -Werror=format-security  -DSPDLOG_COMPILED_LIBS  -fPIE   -std=c++1z -o CMakeFiles/cmTC_1e7af.dir/feature_tests.cxx.o -c /Users/valimagomedov/Projects/rpo22/libs/spdlog/build/x86/CMakeFiles/feature_tests.cxx
Linking CXX executable cmTC_1e7af
/Users/valimagomedov/Library/Android/sdk/cmake/3.10.2.4988404/bin/cmake -E cmake_link_script CMakeFiles/cmTC_1e7af.dir/link.txt --verbose=1
/Users/valimagomedov/Library/Android/sdk/ndk/23.0.7123448/toolchains/llvm/prebuilt/darwin-x86_64/bin/clang++ --target=i686-none-linux-android16 --gcc-toolchain=/Users/valimagomedov/Library/Android/sdk/ndk/23.0.7123448/toolchains/llvm/prebuilt/darwin-x86_64 --sysroot=/Users/valimagomedov/Library/Android/sdk/ndk/23.0.7123448/toolchains/llvm/prebuilt/darwin-x86_64/sysroot  -g -DANDROID -fdata-sections -ffunction-sections -funwind-tables -fstack-protector-strong -no-canonical-prefixes -mstackrealign -D_FORTIFY_SOURCE=2 -Wformat -Werror=format-security  -DSPDLOG_COMPILED_LIBS   -Wl,--exclude-libs,libgcc.a -Wl,--exclude-libs,libgcc_real.a -Wl,--exclude-libs,libatomic.a -static-libstdc++ -Wl,--build-id=sha1 -Wl,--no-rosegment -Wl,--fatal-warnings -Wl,--no-undefined -Qunused-arguments -Wl,--gc-sections   CMakeFiles/cmTC_1e7af.dir/feature_tests.cxx.o  -o cmTC_1e7af -latomic -lm 


    Feature record: CXX_FEATURE:1cxx_aggregate_default_initializers
    Feature record: CXX_FEATURE:1cxx_alias_templates
    Feature record: CXX_FEATURE:1cxx_alignas
    Feature record: CXX_FEATURE:1cxx_alignof
    Feature record: CXX_FEATURE:1cxx_attributes
    Feature record: CXX_FEATURE:1cxx_attribute_deprecated
    Feature record: CXX_FEATURE:1cxx_auto_type
    Feature record: CXX_FEATURE:1cxx_binary_literals
    Feature record: CXX_FEATURE:1cxx_constexpr
    Feature record: CXX_FEATURE:1cxx_contextual_conversions
    Feature record: CXX_FEATURE:1cxx_decltype
    Feature record: CXX_FEATURE:1cxx_decltype_auto
    Feature record: CXX_FEATURE:1cxx_decltype_incomplete_return_types
    Feature record: CXX_FEATURE:1cxx_default_function_template_args
    Feature record: CXX_FEATURE:1cxx_defaulted_functions
    Feature record: CXX_FEATURE:1cxx_defaulted_move_initializers
    Feature record: CXX_FEATURE:1cxx_delegating_constructors
    Feature record: CXX_FEATURE:1cxx_deleted_functions
    Feature record: CXX_FEATURE:1cxx_digit_separators
    Feature record: CXX_FEATURE:1cxx_enum_forward_declarations
    Feature record: CXX_FEATURE:1cxx_explicit_conversions
    Feature record: CXX_FEATURE:1cxx_extended_friend_declarations
    Feature record: CXX_FEATURE:1cxx_extern_templates
    Feature record: CXX_FEATURE:1cxx_final
    Feature record: CXX_FEATURE:1cxx_func_identifier
    Feature record: CXX_FEATURE:1cxx_generalized_initializers
    Feature record: CXX_FEATURE:1cxx_generic_lambdas
    Feature record: CXX_FEATURE:1cxx_inheriting_constructors
    Feature record: CXX_FEATURE:1cxx_inline_namespaces
    Feature record: CXX_FEATURE:1cxx_lambdas
    Feature record: CXX_FEATURE:1cxx_lambda_init_captures
    Feature record: CXX_FEATURE:1cxx_local_type_template_args
    Feature record: CXX_FEATURE:1cxx_long_long_type
    Feature record: CXX_FEATURE:1cxx_noexcept
    Feature record: CXX_FEATURE:1cxx_nonstatic_member_init
    Feature record: CXX_FEATURE:1cxx_nullptr
    Feature record: CXX_FEATURE:1cxx_override
    Feature record: CXX_FEATURE:1cxx_range_for
    Feature record: CXX_FEATURE:1cxx_raw_string_literals
    Feature record: CXX_FEATURE:1cxx_reference_qualified_functions
    Feature record: CXX_FEATURE:1cxx_relaxed_constexpr
    Feature record: CXX_FEATURE:1cxx_return_type_deduction
    Feature record: CXX_FEATURE:1cxx_right_angle_brackets
    Feature record: CXX_FEATURE:1cxx_rvalue_references
    Feature record: CXX_FEATURE:1cxx_sizeof_member
    Feature record: CXX_FEATURE:1cxx_static_assert
    Feature record: CXX_FEATURE:1cxx_strong_enums
    Feature record: CXX_FEATURE:1cxx_template_template_parameters
    Feature record: CXX_FEATURE:1cxx_thread_local
    Feature record: CXX_FEATURE:1cxx_trailing_return_types
    Feature record: CXX_FEATURE:1cxx_unicode_literals
    Feature record: CXX_FEATURE:1cxx_uniform_initialization
    Feature record: CXX_FEATURE:1cxx_unrestricted_unions
    Feature record: CXX_FEATURE:1cxx_user_literals
    Feature record: CXX_FEATURE:1cxx_variable_templates
    Feature record: CXX_FEATURE:1cxx_variadic_macros
    Feature record: CXX_FEATURE:1cxx_variadic_templates


Detecting CXX [-std=c++14] compiler features compiled with the following output:
Change Dir: /Users/valimagomedov/Projects/rpo22/libs/spdlog/build/x86/CMakeFiles/CMakeTmp

Run Build Command:"/usr/bin/make" "cmTC_b04bb/fast"
/Library/Developer/CommandLineTools/usr/bin/make -f CMakeFiles/cmTC_b04bb.dir/build.make CMakeFiles/cmTC_b04bb.dir/build
Building CXX object CMakeFiles/cmTC_b04bb.dir/feature_tests.cxx.o
/Users/valimagomedov/Library/Android/sdk/ndk/23.0.7123448/toolchains/llvm/prebuilt/darwin-x86_64/bin/clang++ --target=i686-none-linux-android16 --gcc-toolchain=/Users/valimagomedov/Library/Android/sdk/ndk/23.0.7123448/toolchains/llvm/prebuilt/darwin-x86_64 --sysroot=/Users/valimagomedov/Library/Android/sdk/ndk/23.0.7123448/toolchains/llvm/prebuilt/darwin-x86_64/sysroot    -g -DANDROID -fdata-sections -ffunction-sections -funwind-tables -fstack-protector-strong -no-canonical-prefixes -mstackrealign -D_FORTIFY_SOURCE=2 -Wformat -Werror=format-security  -DSPDLOG_COMPILED_LIBS  -fPIE   -std=c++14 -o CMakeFiles/cmTC_b04bb.dir/feature_tests.cxx.o -c /Users/valimagomedov/Projects/rpo22/libs/spdlog/build/x86/CMakeFiles/feature_tests.cxx
Linking CXX executable cmTC_b04bb
/Users/valimagomedov/Library/Android/sdk/cmake/3.10.2.4988404/bin/cmake -E cmake_link_script CMakeFiles/cmTC_b04bb.dir/link.txt --verbose=1
/Users/valimagomedov/Library/Android/sdk/ndk/23.0.7123448/toolchains/llvm/prebuilt/darwin-x86_64/bin/clang++ --target=i686-none-linux-android16 --gcc-toolchain=/Users/valimagomedov/Library/Android/sdk/ndk/23.0.7123448/toolchains/llvm/prebuilt/darwin-x86_64 --sysroot=/Users/valimagomedov/Library/Android/sdk/ndk/23.0.7123448/toolchains/llvm/prebuilt/darwin-x86_64/sysroot  -g -DANDROID -fdata-sections -ffunction-sections -funwind-tables -fstack-protector-strong -no-canonical-prefixes -mstackrealign -D_FORTIFY_SOURCE=2 -Wformat -Werror=format-security  -DSPDLOG_COMPILED_LIBS   -Wl,--exclude-libs,libgcc.a -Wl,--exclude-libs,libgcc_real.a -Wl,--exclude-libs,libatomic.a -static-libstdc++ -Wl,--build-id=sha1 -Wl,--no-rosegment -Wl,--fatal-warnings -Wl,--no-undefined -Qunused-arguments -Wl,--gc-sections   CMakeFiles/cmTC_b04bb.dir/feature_tests.cxx.o  -o cmTC_b04bb -latomic -lm 


    Feature record: CXX_FEATURE:1cxx_aggregate_default_initializers
    Feature record: CXX_FEATURE:1cxx_alias_templates
    Feature record: CXX_FEATURE:1cxx_alignas
    Feature record: CXX_FEATURE:1cxx_alignof
    Feature record: CXX_FEATURE:1cxx_attributes
    Feature record: CXX_FEATURE:1cxx_attribute_deprecated
    Feature record: CXX_FEATURE:1cxx_auto_type
    Feature record: CXX_FEATURE:1cxx_binary_literals
    Feature record: CXX_FEATURE:1cxx_constexpr
    Feature record: CXX_FEATURE:1cxx_contextual_conversions
    Feature record: CXX_FEATURE:1cxx_decltype
    Feature record: CXX_FEATURE:1cxx_decltype_auto
    Feature record: CXX_FEATURE:1cxx_decltype_incomplete_return_types
    Feature record: CXX_FEATURE:1cxx_default_function_template_args
    Feature record: CXX_FEATURE:1cxx_defaulted_functions
    Feature record: CXX_FEATURE:1cxx_defaulted_move_initializers
    Feature record: CXX_FEATURE:1cxx_delegating_constructors
    Feature record: CXX_FEATURE:1cxx_deleted_functions
    Feature record: CXX_FEATURE:1cxx_digit_separators
    Feature record: CXX_FEATURE:1cxx_enum_forward_declarations
    Feature record: CXX_FEATURE:1cxx_explicit_conversions
    Feature record: CXX_FEATURE:1cxx_extended_friend_declarations
    Feature record: CXX_FEATURE:1cxx_extern_templates
    Feature record: CXX_FEATURE:1cxx_final
    Feature record: CXX_FEATURE:1cxx_func_identifier
    Feature record: CXX_FEATURE:1cxx_generalized_initializers
    Feature record: CXX_FEATURE:1cxx_generic_lambdas
    Feature record: CXX_FEATURE:1cxx_inheriting_constructors
    Feature record: CXX_FEATURE:1cxx_inline_namespaces
    Feature record: CXX_FEATURE:1cxx_lambdas
    Feature record: CXX_FEATURE:1cxx_lambda_init_captures
    Feature record: CXX_FEATURE:1cxx_local_type_template_args
    Feature record: CXX_FEATURE:1cxx_long_long_type
    Feature record: CXX_FEATURE:1cxx_noexcept
    Feature record: CXX_FEATURE:1cxx_nonstatic_member_init
    Feature record: CXX_FEATURE:1cxx_nullptr
    Feature record: CXX_FEATURE:1cxx_override
    Feature record: CXX_FEATURE:1cxx_range_for
    Feature record: CXX_FEATURE:1cxx_raw_string_literals
    Feature record: CXX_FEATURE:1cxx_reference_qualified_functions
    Feature record: CXX_FEATURE:1cxx_relaxed_constexpr
    Feature record: CXX_FEATURE:1cxx_return_type_deduction
    Feature record: CXX_FEATURE:1cxx_right_angle_brackets
    Feature record: CXX_FEATURE:1cxx_rvalue_references
    Feature record: CXX_FEATURE:1cxx_sizeof_member
    Feature record: CXX_FEATURE:1cxx_static_assert
    Feature record: CXX_FEATURE:1cxx_strong_enums
    Feature record: CXX_FEATURE:1cxx_template_template_parameters
    Feature record: CXX_FEATURE:1cxx_thread_local
    Feature record: CXX_FEATURE:1cxx_trailing_return_types
    Feature record: CXX_FEATURE:1cxx_unicode_literals
    Feature record: CXX_FEATURE:1cxx_uniform_initialization
    Feature record: CXX_FEATURE:1cxx_unrestricted_unions
    Feature record: CXX_FEATURE:1cxx_user_literals
    Feature record: CXX_FEATURE:1cxx_variable_templates
    Feature record: CXX_FEATURE:1cxx_variadic_macros
    Feature record: CXX_FEATURE:1cxx_variadic_templates


Detecting CXX [-std=c++11] compiler features compiled with the following output:
Change Dir: /Users/valimagomedov/Projects/rpo22/libs/spdlog/build/x86/CMakeFiles/CMakeTmp

Run Build Command:"/usr/bin/make" "cmTC_c4983/fast"
/Library/Developer/CommandLineTools/usr/bin/make -f CMakeFiles/cmTC_c4983.dir/build.make CMakeFiles/cmTC_c4983.dir/build
Building CXX object CMakeFiles/cmTC_c4983.dir/feature_tests.cxx.o
/Users/valimagomedov/Library/Android/sdk/ndk/23.0.7123448/toolchains/llvm/prebuilt/darwin-x86_64/bin/clang++ --target=i686-none-linux-android16 --gcc-toolchain=/Users/valimagomedov/Library/Android/sdk/ndk/23.0.7123448/toolchains/llvm/prebuilt/darwin-x86_64 --sysroot=/Users/valimagomedov/Library/Android/sdk/ndk/23.0.7123448/toolchains/llvm/prebuilt/darwin-x86_64/sysroot    -g -DANDROID -fdata-sections -ffunction-sections -funwind-tables -fstack-protector-strong -no-canonical-prefixes -mstackrealign -D_FORTIFY_SOURCE=2 -Wformat -Werror=format-security  -DSPDLOG_COMPILED_LIBS  -fPIE   -std=c++11 -o CMakeFiles/cmTC_c4983.dir/feature_tests.cxx.o -c /Users/valimagomedov/Projects/rpo22/libs/spdlog/build/x86/CMakeFiles/feature_tests.cxx
Linking CXX executable cmTC_c4983
/Users/valimagomedov/Library/Android/sdk/cmake/3.10.2.4988404/bin/cmake -E cmake_link_script CMakeFiles/cmTC_c4983.dir/link.txt --verbose=1
/Users/valimagomedov/Library/Android/sdk/ndk/23.0.7123448/toolchains/llvm/prebuilt/darwin-x86_64/bin/clang++ --target=i686-none-linux-android16 --gcc-toolchain=/Users/valimagomedov/Library/Android/sdk/ndk/23.0.7123448/toolchains/llvm/prebuilt/darwin-x86_64 --sysroot=/Users/valimagomedov/Library/Android/sdk/ndk/23.0.7123448/toolchains/llvm/prebuilt/darwin-x86_64/sysroot  -g -DANDROID -fdata-sections -ffunction-sections -funwind-tables -fstack-protector-strong -no-canonical-prefixes -mstackrealign -D_FORTIFY_SOURCE=2 -Wformat -Werror=format-security  -DSPDLOG_COMPILED_LIBS   -Wl,--exclude-libs,libgcc.a -Wl,--exclude-libs,libgcc_real.a -Wl,--exclude-libs,libatomic.a -static-libstdc++ -Wl,--build-id=sha1 -Wl,--no-rosegment -Wl,--fatal-warnings -Wl,--no-undefined -Qunused-arguments -Wl,--gc-sections   CMakeFiles/cmTC_c4983.dir/feature_tests.cxx.o  -o cmTC_c4983 -latomic -lm 


    Feature record: CXX_FEATURE:0cxx_aggregate_default_initializers
    Feature record: CXX_FEATURE:1cxx_alias_templates
    Feature record: CXX_FEATURE:1cxx_alignas
    Feature record: CXX_FEATURE:1cxx_alignof
    Feature record: CXX_FEATURE:1cxx_attributes
    Feature record: CXX_FEATURE:0cxx_attribute_deprecated
    Feature record: CXX_FEATURE:1cxx_auto_type
    Feature record: CXX_FEATURE:0cxx_binary_literals
    Feature record: CXX_FEATURE:1cxx_constexpr
    Feature record: CXX_FEATURE:0cxx_contextual_conversions
    Feature record: CXX_FEATURE:1cxx_decltype
    Feature record: CXX_FEATURE:0cxx_decltype_auto
    Feature record: CXX_FEATURE:1cxx_decltype_incomplete_return_types
    Feature record: CXX_FEATURE:1cxx_default_function_template_args
    Feature record: CXX_FEATURE:1cxx_defaulted_functions
    Feature record: CXX_FEATURE:1cxx_defaulted_move_initializers
    Feature record: CXX_FEATURE:1cxx_delegating_constructors
    Feature record: CXX_FEATURE:1cxx_deleted_functions
    Feature record: CXX_FEATURE:0cxx_digit_separators
    Feature record: CXX_FEATURE:1cxx_enum_forward_declarations
    Feature record: CXX_FEATURE:1cxx_explicit_conversions
    Feature record: CXX_FEATURE:1cxx_extended_friend_declarations
    Feature record: CXX_FEATURE:1cxx_extern_templates
    Feature record: CXX_FEATURE:1cxx_final
    Feature record: CXX_FEATURE:1cxx_func_identifier
    Feature record: CXX_FEATURE:1cxx_generalized_initializers
    Feature record: CXX_FEATURE:0cxx_generic_lambdas
    Feature record: CXX_FEATURE:1cxx_inheriting_constructors
    Feature record: CXX_FEATURE:1cxx_inline_namespaces
    Feature record: CXX_FEATURE:1cxx_lambdas
    Feature record: CXX_FEATURE:0cxx_lambda_init_captures
    Feature record: CXX_FEATURE:1cxx_local_type_template_args
    Feature record: CXX_FEATURE:1cxx_long_long_type
    Feature record: CXX_FEATURE:1cxx_noexcept
    Feature record: CXX_FEATURE:1cxx_nonstatic_member_init
    Feature record: CXX_FEATURE:1cxx_nullptr
    Feature record: CXX_FEATURE:1cxx_override
    Feature record: CXX_FEATURE:1cxx_range_for
    Feature record: CXX_FEATURE:1cxx_raw_string_literals
    Feature record: CXX_FEATURE:1cxx_reference_qualified_functions
    Feature record: CXX_FEATURE:0cxx_relaxed_constexpr
    Feature record: CXX_FEATURE:0cxx_return_type_deduction
    Feature record: CXX_FEATURE:1cxx_right_angle_brackets
    Feature record: CXX_FEATURE:1cxx_rvalue_references
    Feature record: CXX_FEATURE:1cxx_sizeof_member
    Feature record: CXX_FEATURE:1cxx_static_assert
    Feature record: CXX_FEATURE:1cxx_strong_enums
    Feature record: CXX_FEATURE:1cxx_template_template_parameters
    Feature record: CXX_FEATURE:1cxx_thread_local
    Feature record: CXX_FEATURE:1cxx_trailing_return_types
    Feature record: CXX_FEATURE:1cxx_unicode_literals
    Feature record: CXX_FEATURE:1cxx_uniform_initialization
    Feature record: CXX_FEATURE:1cxx_unrestricted_unions
    Feature record: CXX_FEATURE:1cxx_user_literals
    Feature record: CXX_FEATURE:0cxx_variable_templates
    Feature record: CXX_FEATURE:1cxx_variadic_macros
    Feature record: CXX_FEATURE:1cxx_variadic_templates


Detecting CXX [-std=c++98] compiler features compiled with the following output:
Change Dir: /Users/valimagomedov/Projects/rpo22/libs/spdlog/build/x86/CMakeFiles/CMakeTmp

Run Build Command:"/usr/bin/make" "cmTC_1b221/fast"
/Library/Developer/CommandLineTools/usr/bin/make -f CMakeFiles/cmTC_1b221.dir/build.make CMakeFiles/cmTC_1b221.dir/build
Building CXX object CMakeFiles/cmTC_1b221.dir/feature_tests.cxx.o
/Users/valimagomedov/Library/Android/sdk/ndk/23.0.7123448/toolchains/llvm/prebuilt/darwin-x86_64/bin/clang++ --target=i686-none-linux-android16 --gcc-toolchain=/Users/valimagomedov/Library/Android/sdk/ndk/23.0.7123448/toolchains/llvm/prebuilt/darwin-x86_64 --sysroot=/Users/valimagomedov/Library/Android/sdk/ndk/23.0.7123448/toolchains/llvm/prebuilt/darwin-x86_64/sysroot    -g -DANDROID -fdata-sections -ffunction-sections -funwind-tables -fstack-protector-strong -no-canonical-prefixes -mstackrealign -D_FORTIFY_SOURCE=2 -Wformat -Werror=format-security  -DSPDLOG_COMPILED_LIBS  -fPIE   -std=c++98 -o CMakeFiles/cmTC_1b221.dir/feature_tests.cxx.o -c /Users/valimagomedov/Projects/rpo22/libs/spdlog/build/x86/CMakeFiles/feature_tests.cxx
Linking CXX executable cmTC_1b221
/Users/valimagomedov/Library/Android/sdk/cmake/3.10.2.4988404/bin/cmake -E cmake_link_script CMakeFiles/cmTC_1b221.dir/link.txt --verbose=1
/Users/valimagomedov/Library/Android/sdk/ndk/23.0.7123448/toolchains/llvm/prebuilt/darwin-x86_64/bin/clang++ --target=i686-none-linux-android16 --gcc-toolchain=/Users/valimagomedov/Library/Android/sdk/ndk/23.0.7123448/toolchains/llvm/prebuilt/darwin-x86_64 --sysroot=/Users/valimagomedov/Library/Android/sdk/ndk/23.0.7123448/toolchains/llvm/prebuilt/darwin-x86_64/sysroot  -g -DANDROID -fdata-sections -ffunction-sections -funwind-tables -fstack-protector-strong -no-canonical-prefixes -mstackrealign -D_FORTIFY_SOURCE=2 -Wformat -Werror=format-security  -DSPDLOG_COMPILED_LIBS   -Wl,--exclude-libs,libgcc.a -Wl,--exclude-libs,libgcc_real.a -Wl,--exclude-libs,libatomic.a -static-libstdc++ -Wl,--build-id=sha1 -Wl,--no-rosegment -Wl,--fatal-warnings -Wl,--no-undefined -Qunused-arguments -Wl,--gc-sections   CMakeFiles/cmTC_1b221.dir/feature_tests.cxx.o  -o cmTC_1b221 -latomic -lm 


    Feature record: CXX_FEATURE:0cxx_aggregate_default_initializers
    Feature record: CXX_FEATURE:0cxx_alias_templates
    Feature record: CXX_FEATURE:0cxx_alignas
    Feature record: CXX_FEATURE:0cxx_alignof
    Feature record: CXX_FEATURE:0cxx_attributes
    Feature record: CXX_FEATURE:0cxx_attribute_deprecated
    Feature record: CXX_FEATURE:0cxx_auto_type
    Feature record: CXX_FEATURE:0cxx_binary_literals
    Feature record: CXX_FEATURE:0cxx_constexpr
    Feature record: CXX_FEATURE:0cxx_contextual_conversions
    Feature record: CXX_FEATURE:0cxx_decltype
    Feature record: CXX_FEATURE:0cxx_decltype_auto
    Feature record: CXX_FEATURE:0cxx_decltype_incomplete_return_types
    Feature record: CXX_FEATURE:0cxx_default_function_template_args
    Feature record: CXX_FEATURE:0cxx_defaulted_functions
    Feature record: CXX_FEATURE:0cxx_defaulted_move_initializers
    Feature record: CXX_FEATURE:0cxx_delegating_constructors
    Feature record: CXX_FEATURE:0cxx_deleted_functions
    Feature record: CXX_FEATURE:0cxx_digit_separators
    Feature record: CXX_FEATURE:0cxx_enum_forward_declarations
    Feature record: CXX_FEATURE:0cxx_explicit_conversions
    Feature record: CXX_FEATURE:0cxx_extended_friend_declarations
    Feature record: CXX_FEATURE:0cxx_extern_templates
    Feature record: CXX_FEATURE:0cxx_final
    Feature record: CXX_FEATURE:0cxx_func_identifier
    Feature record: CXX_FEATURE:0cxx_generalized_initializers
    Feature record: CXX_FEATURE:0cxx_generic_lambdas
    Feature record: CXX_FEATURE:0cxx_inheriting_constructors
    Feature record: CXX_FEATURE:0cxx_inline_namespaces
    Feature record: CXX_FEATURE:0cxx_lambdas
    Feature record: CXX_FEATURE:0cxx_lambda_init_captures
    Feature record: CXX_FEATURE:0cxx_local_type_template_args
    Feature record: CXX_FEATURE:0cxx_long_long_type
    Feature record: CXX_FEATURE:0cxx_noexcept
    Feature record: CXX_FEATURE:0cxx_nonstatic_member_init
    Feature record: CXX_FEATURE:0cxx_nullptr
    Feature record: CXX_FEATURE:0cxx_override
    Feature record: CXX_FEATURE:0cxx_range_for
    Feature record: CXX_FEATURE:0cxx_raw_string_literals
    Feature record: CXX_FEATURE:0cxx_reference_qualified_functions
    Feature record: CXX_FEATURE:0cxx_relaxed_constexpr
    Feature record: CXX_FEATURE:0cxx_return_type_deduction
    Feature record: CXX_FEATURE:0cxx_right_angle_brackets
    Feature record: CXX_FEATURE:0cxx_rvalue_references
    Feature record: CXX_FEATURE:0cxx_sizeof_member
    Feature record: CXX_FEATURE:0cxx_static_assert
    Feature record: CXX_FEATURE:0cxx_strong_enums
    Feature record: CXX_FEATURE:1cxx_template_template_parameters
    Feature record: CXX_FEATURE:0cxx_thread_local
    Feature record: CXX_FEATURE:0cxx_trailing_return_types
    Feature record: CXX_FEATURE:0cxx_unicode_literals
    Feature record: CXX_FEATURE:0cxx_uniform_initialization
    Feature record: CXX_FEATURE:0cxx_unrestricted_unions
    Feature record: CXX_FEATURE:0cxx_user_literals
    Feature record: CXX_FEATURE:0cxx_variable_templates
    Feature record: CXX_FEATURE:0cxx_variadic_macros
    Feature record: CXX_FEATURE:0cxx_variadic_templates
Determining if the include file pthread.h exists passed with the following output:
Change Dir: /Users/valimagomedov/Projects/rpo22/libs/spdlog/build/x86/CMakeFiles/CMakeTmp

Run Build Command:"/usr/bin/make" "cmTC_26b35/fast"
/Library/Developer/CommandLineTools/usr/bin/make -f CMakeFiles/cmTC_26b35.dir/build.make CMakeFiles/cmTC_26b35.dir/build
Building CXX object CMakeFiles/cmTC_26b35.dir/CheckIncludeFile.cxx.o
/Users/valimagomedov/Library/Android/sdk/ndk/23.0.7123448/toolchains/llvm/prebuilt/darwin-x86_64/bin/clang++ --target=i686-none-linux-android16 --gcc-toolchain=/Users/valimagomedov/Library/Android/sdk/ndk/23.0.7123448/toolchains/llvm/prebuilt/darwin-x86_64 --sysroot=/Users/valimagomedov/Library/Android/sdk/ndk/23.0.7123448/toolchains/llvm/prebuilt/darwin-x86_64/sysroot    -g -DANDROID -fdata-sections -ffunction-sections -funwind-tables -fstack-protector-strong -no-canonical-prefixes -mstackrealign -D_FORTIFY_SOURCE=2 -Wformat -Werror=format-security  -DSPDLOG_COMPILED_LIBS  -fPIE   -std=c++11 -o CMakeFiles/cmTC_26b35.dir/CheckIncludeFile.cxx.o -c /Users/valimagomedov/Projects/rpo22/libs/spdlog/build/x86/CMakeFiles/CMakeTmp/CheckIncludeFile.cxx
Linking CXX executable cmTC_26b35
/Users/valimagomedov/Library/Android/sdk/cmake/3.10.2.4988404/bin/cmake -E cmake_link_script CMakeFiles/cmTC_26b35.dir/link.txt --verbose=1
/Users/valimagomedov/Library/Android/sdk/ndk/23.0.7123448/toolchains/llvm/prebuilt/darwin-x86_64/bin/clang++ --target=i686-none-linux-android16 --gcc-toolchain=/Users/valimagomedov/Library/Android/sdk/ndk/23.0.7123448/toolchains/llvm/prebuilt/darwin-x86_64 --sysroot=/Users/valimagomedov/Library/Android/sdk/ndk/23.0.7123448/toolchains/llvm/prebuilt/darwin-x86_64/sysroot  -g -DANDROID -fdata-sections -ffunction-sections -funwind-tables -fstack-protector-strong -no-canonical-prefixes -mstackrealign -D_FORTIFY_SOURCE=2 -Wformat -Werror=format-security  -DSPDLOG_COMPILED_LIBS   -Wl,--exclude-libs,libgcc.a -Wl,--exclude-libs,libgcc_real.a -Wl,--exclude-libs,libatomic.a -static-libstdc++ -Wl,--build-id=sha1 -Wl,--no-rosegment -Wl,--fatal-warnings -Wl,--no-undefined -Qunused-arguments -Wl,--gc-sections   CMakeFiles/cmTC_26b35.dir/CheckIncludeFile.cxx.o  -o cmTC_26b35 -latomic -lm 


Determining if the pthread_create exist passed with the following output:
Change Dir: /Users/valimagomedov/Projects/rpo22/libs/spdlog/build/x86/CMakeFiles/CMakeTmp

Run Build Command:"/usr/bin/make" "cmTC_e7381/fast"
/Library/Developer/CommandLineTools/usr/bin/make -f CMakeFiles/cmTC_e7381.dir/build.make CMakeFiles/cmTC_e7381.dir/build
Building CXX object CMakeFiles/cmTC_e7381.dir/CheckSymbolExists.cxx.o
/Users/valimagomedov/Library/Android/sdk/ndk/23.0.7123448/toolchains/llvm/prebuilt/darwin-x86_64/bin/clang++ --target=i686-none-linux-android16 --gcc-toolchain=/Users/valimagomedov/Library/Android/sdk/ndk/23.0.7123448/toolchains/llvm/prebuilt/darwin-x86_64 --sysroot=/Users/valimagomedov/Library/Android/sdk/ndk/23.0.7123448/toolchains/llvm/prebuilt/darwin-x86_64/sysroot    -g -DANDROID -fdata-sections -ffunction-sections -funwind-tables -fstack-protector-strong -no-canonical-prefixes -mstackrealign -D_FORTIFY_SOURCE=2 -Wformat -Werror=format-security  -DSPDLOG_COMPILED_LIBS  -fPIE   -std=c++11 -o CMakeFiles/cmTC_e7381.dir/CheckSymbolExists.cxx.o -c /Users/valimagomedov/Projects/rpo22/libs/spdlog/build/x86/CMakeFiles/CMakeTmp/CheckSymbolExists.cxx
Linking CXX executable cmTC_e7381
/Users/valimagomedov/Library/Android/sdk/cmake/3.10.2.4988404/bin/cmake -E cmake_link_script CMakeFiles/cmTC_e7381.dir/link.txt --verbose=1
/Users/valimagomedov/Library/Android/sdk/ndk/23.0.7123448/toolchains/llvm/prebuilt/darwin-x86_64/bin/clang++ --target=i686-none-linux-android16 --gcc-toolchain=/Users/valimagomedov/Library/Android/sdk/ndk/23.0.7123448/toolchains/llvm/prebuilt/darwin-x86_64 --sysroot=/Users/valimagomedov/Library/Android/sdk/ndk/23.0.7123448/toolchains/llvm/prebuilt/darwin-x86_64/sysroot  -g -DANDROID -fdata-sections -ffunction-sections -funwind-tables -fstack-protector-strong -no-canonical-prefixes -mstackrealign -D_FORTIFY_SOURCE=2 -Wformat -Werror=format-security  -DSPDLOG_COMPILED_LIBS   -Wl,--exclude-libs,libgcc.a -Wl,--exclude-libs,libgcc_real.a -Wl,--exclude-libs,libatomic.a -static-libstdc++ -Wl,--build-id=sha1 -Wl,--no-rosegment -Wl,--fatal-warnings -Wl,--no-undefined -Qunused-arguments -Wl,--gc-sections   CMakeFiles/cmTC_e7381.dir/CheckSymbolExists.cxx.o  -o cmTC_e7381 -latomic -lm 

File /Users/valimagomedov/Projects/rpo22/libs/spdlog/build/x86/CMakeFiles/CMakeTmp/CheckSymbolExists.cxx:
/* */
#include <pthread.h>

int main(int argc, char** argv)
{
  (void)argv;
#ifndef pthread_create
  return ((int*)(&pthread_create))[argc];
#else
  (void)argc;
  return 0;
#endif
}

