The target system is: Android - 1 - i686
The host system is: Darwin - 20.3.0 - x86_64
Determining if the C compiler works passed with the following output:
Change Dir: /Users/valimagomedov/Projects/rpo22/libs/mbedtls/build/x86/CMakeFiles/CMakeTmp

Run Build Command:"/usr/bin/make" "cmTC_28b04/fast"
/Library/Developer/CommandLineTools/usr/bin/make -f CMakeFiles/cmTC_28b04.dir/build.make CMakeFiles/cmTC_28b04.dir/build
Building C object CMakeFiles/cmTC_28b04.dir/testCCompiler.c.o
/Users/valimagomedov/Library/Android/sdk/ndk/23.0.7123448/toolchains/llvm/prebuilt/darwin-x86_64/bin/clang --target=i686-none-linux-android16 --gcc-toolchain=/Users/valimagomedov/Library/Android/sdk/ndk/23.0.7123448/toolchains/llvm/prebuilt/darwin-x86_64 --sysroot=/Users/valimagomedov/Library/Android/sdk/ndk/23.0.7123448/toolchains/llvm/prebuilt/darwin-x86_64/sysroot   -g -DANDROID -fdata-sections -ffunction-sections -funwind-tables -fstack-protector-strong -no-canonical-prefixes -mstackrealign -D_FORTIFY_SOURCE=2 -Wformat -Werror=format-security   -fPIE   -o CMakeFiles/cmTC_28b04.dir/testCCompiler.c.o   -c /Users/valimagomedov/Projects/rpo22/libs/mbedtls/build/x86/CMakeFiles/CMakeTmp/testCCompiler.c
Linking C executable cmTC_28b04
/Users/valimagomedov/Library/Android/sdk/cmake/3.10.2.4988404/bin/cmake -E cmake_link_script CMakeFiles/cmTC_28b04.dir/link.txt --verbose=1
/Users/valimagomedov/Library/Android/sdk/ndk/23.0.7123448/toolchains/llvm/prebuilt/darwin-x86_64/bin/clang --target=i686-none-linux-android16 --gcc-toolchain=/Users/valimagomedov/Library/Android/sdk/ndk/23.0.7123448/toolchains/llvm/prebuilt/darwin-x86_64 --sysroot=/Users/valimagomedov/Library/Android/sdk/ndk/23.0.7123448/toolchains/llvm/prebuilt/darwin-x86_64/sysroot -g -DANDROID -fdata-sections -ffunction-sections -funwind-tables -fstack-protector-strong -no-canonical-prefixes -mstackrealign -D_FORTIFY_SOURCE=2 -Wformat -Werror=format-security    -Wl,--exclude-libs,libgcc.a -Wl,--exclude-libs,libgcc_real.a -Wl,--exclude-libs,libatomic.a -static-libstdc++ -Wl,--build-id=sha1 -Wl,--no-rosegment -Wl,--fatal-warnings -Wl,--no-undefined -Qunused-arguments -Wl,--gc-sections   CMakeFiles/cmTC_28b04.dir/testCCompiler.c.o  -o cmTC_28b04 -latomic -lm 


Detecting C compiler ABI info compiled with the following output:
Change Dir: /Users/valimagomedov/Projects/rpo22/libs/mbedtls/build/x86/CMakeFiles/CMakeTmp

Run Build Command:"/usr/bin/make" "cmTC_65795/fast"
/Library/Developer/CommandLineTools/usr/bin/make -f CMakeFiles/cmTC_65795.dir/build.make CMakeFiles/cmTC_65795.dir/build
Building C object CMakeFiles/cmTC_65795.dir/CMakeCCompilerABI.c.o
/Users/valimagomedov/Library/Android/sdk/ndk/23.0.7123448/toolchains/llvm/prebuilt/darwin-x86_64/bin/clang --target=i686-none-linux-android16 --gcc-toolchain=/Users/valimagomedov/Library/Android/sdk/ndk/23.0.7123448/toolchains/llvm/prebuilt/darwin-x86_64 --sysroot=/Users/valimagomedov/Library/Android/sdk/ndk/23.0.7123448/toolchains/llvm/prebuilt/darwin-x86_64/sysroot   -g -DANDROID -fdata-sections -ffunction-sections -funwind-tables -fstack-protector-strong -no-canonical-prefixes -mstackrealign -D_FORTIFY_SOURCE=2 -Wformat -Werror=format-security   -fPIE   -o CMakeFiles/cmTC_65795.dir/CMakeCCompilerABI.c.o   -c /Users/valimagomedov/Library/Android/sdk/cmake/3.10.2.4988404/share/cmake-3.10/Modules/CMakeCCompilerABI.c
Linking C executable cmTC_65795
/Users/valimagomedov/Library/Android/sdk/cmake/3.10.2.4988404/bin/cmake -E cmake_link_script CMakeFiles/cmTC_65795.dir/link.txt --verbose=1
/Users/valimagomedov/Library/Android/sdk/ndk/23.0.7123448/toolchains/llvm/prebuilt/darwin-x86_64/bin/clang --target=i686-none-linux-android16 --gcc-toolchain=/Users/valimagomedov/Library/Android/sdk/ndk/23.0.7123448/toolchains/llvm/prebuilt/darwin-x86_64 --sysroot=/Users/valimagomedov/Library/Android/sdk/ndk/23.0.7123448/toolchains/llvm/prebuilt/darwin-x86_64/sysroot -g -DANDROID -fdata-sections -ffunction-sections -funwind-tables -fstack-protector-strong -no-canonical-prefixes -mstackrealign -D_FORTIFY_SOURCE=2 -Wformat -Werror=format-security    -Wl,--exclude-libs,libgcc.a -Wl,--exclude-libs,libgcc_real.a -Wl,--exclude-libs,libatomic.a -static-libstdc++ -Wl,--build-id=sha1 -Wl,--no-rosegment -Wl,--fatal-warnings -Wl,--no-undefined -Qunused-arguments -Wl,--gc-sections  -v CMakeFiles/cmTC_65795.dir/CMakeCCompilerABI.c.o  -o cmTC_65795 
Android (6875598, based on r399163b) clang version 11.0.5 (https://android.googlesource.com/toolchain/llvm-project 87f1315dfbea7c137aa2e6d362dbb457e388158d)
Target: i686-none-linux-android16
Thread model: posix
InstalledDir: /Users/valimagomedov/Library/Android/sdk/ndk/23.0.7123448/toolchains/llvm/prebuilt/darwin-x86_64/bin
Found candidate GCC installation: /Users/valimagomedov/Library/Android/sdk/ndk/23.0.7123448/toolchains/llvm/prebuilt/darwin-x86_64/lib/gcc/i686-linux-android/4.9.x
Found candidate GCC installation: /Users/valimagomedov/Library/Android/sdk/ndk/23.0.7123448/toolchains/llvm/prebuilt/darwin-x86_64/lib/gcc/x86_64-linux-android/4.9.x
Selected GCC installation: /Users/valimagomedov/Library/Android/sdk/ndk/23.0.7123448/toolchains/llvm/prebuilt/darwin-x86_64/lib/gcc/i686-linux-android/4.9.x
Candidate multilib: .;@m32
Selected multilib: .;@m32
 "/Users/valimagomedov/Library/Android/sdk/ndk/23.0.7123448/toolchains/llvm/prebuilt/darwin-x86_64/bin/ld" --sysroot=/Users/valimagomedov/Library/Android/sdk/ndk/23.0.7123448/toolchains/llvm/prebuilt/darwin-x86_64/sysroot -pie -z noexecstack --warn-shared-textrel -z now -z relro --hash-style=both --enable-new-dtags --eh-frame-hdr -m elf_i386 -dynamic-linker /system/bin/linker -o cmTC_65795 /Users/valimagomedov/Library/Android/sdk/ndk/23.0.7123448/toolchains/llvm/prebuilt/darwin-x86_64/sysroot/usr/lib/i686-linux-android/16/crtbegin_dynamic.o -L/Users/valimagomedov/Library/Android/sdk/ndk/23.0.7123448/toolchains/llvm/prebuilt/darwin-x86_64/lib64/clang/11.0.5/lib/linux/i386 -L/Users/valimagomedov/Library/Android/sdk/ndk/23.0.7123448/toolchains/llvm/prebuilt/darwin-x86_64/lib/gcc/i686-linux-android/4.9.x -L/Users/valimagomedov/Library/Android/sdk/ndk/23.0.7123448/toolchains/llvm/prebuilt/darwin-x86_64/sysroot/usr/lib/i686-linux-android/16 -L/Users/valimagomedov/Library/Android/sdk/ndk/23.0.7123448/toolchains/llvm/prebuilt/darwin-x86_64/sysroot/usr/lib/i686-linux-android -L/Users/valimagomedov/Library/Android/sdk/ndk/23.0.7123448/toolchains/llvm/prebuilt/darwin-x86_64/sysroot/usr/lib --exclude-libs libgcc.a --exclude-libs libgcc_real.a --exclude-libs libatomic.a --build-id=sha1 --no-rosegment --fatal-warnings --no-undefined --gc-sections CMakeFiles/cmTC_65795.dir/CMakeCCompilerABI.c.o -lgcc -ldl -lc -lgcc -ldl /Users/valimagomedov/Library/Android/sdk/ndk/23.0.7123448/toolchains/llvm/prebuilt/darwin-x86_64/sysroot/usr/lib/i686-linux-android/16/crtend_android.o


Parsed C implicit link information from above output:
  link line regex: [^( *|.*[/\])(CMAKE_LINKER-NOTFOUND|CMAKE_LINK_STARTFILE-NOTFOUND|([^/\]+-)?ld|collect2)[^/\]*( |$)]
  ignore line: [Change Dir: /Users/valimagomedov/Projects/rpo22/libs/mbedtls/build/x86/CMakeFiles/CMakeTmp]
  ignore line: []
  ignore line: [Run Build Command:"/usr/bin/make" "cmTC_65795/fast"]
  ignore line: [/Library/Developer/CommandLineTools/usr/bin/make -f CMakeFiles/cmTC_65795.dir/build.make CMakeFiles/cmTC_65795.dir/build]
  ignore line: [Building C object CMakeFiles/cmTC_65795.dir/CMakeCCompilerABI.c.o]
  ignore line: [/Users/valimagomedov/Library/Android/sdk/ndk/23.0.7123448/toolchains/llvm/prebuilt/darwin-x86_64/bin/clang --target=i686-none-linux-android16 --gcc-toolchain=/Users/valimagomedov/Library/Android/sdk/ndk/23.0.7123448/toolchains/llvm/prebuilt/darwin-x86_64 --sysroot=/Users/valimagomedov/Library/Android/sdk/ndk/23.0.7123448/toolchains/llvm/prebuilt/darwin-x86_64/sysroot   -g -DANDROID -fdata-sections -ffunction-sections -funwind-tables -fstack-protector-strong -no-canonical-prefixes -mstackrealign -D_FORTIFY_SOURCE=2 -Wformat -Werror=format-security   -fPIE   -o CMakeFiles/cmTC_65795.dir/CMakeCCompilerABI.c.o   -c /Users/valimagomedov/Library/Android/sdk/cmake/3.10.2.4988404/share/cmake-3.10/Modules/CMakeCCompilerABI.c]
  ignore line: [Linking C executable cmTC_65795]
  ignore line: [/Users/valimagomedov/Library/Android/sdk/cmake/3.10.2.4988404/bin/cmake -E cmake_link_script CMakeFiles/cmTC_65795.dir/link.txt --verbose=1]
  ignore line: [/Users/valimagomedov/Library/Android/sdk/ndk/23.0.7123448/toolchains/llvm/prebuilt/darwin-x86_64/bin/clang --target=i686-none-linux-android16 --gcc-toolchain=/Users/valimagomedov/Library/Android/sdk/ndk/23.0.7123448/toolchains/llvm/prebuilt/darwin-x86_64 --sysroot=/Users/valimagomedov/Library/Android/sdk/ndk/23.0.7123448/toolchains/llvm/prebuilt/darwin-x86_64/sysroot -g -DANDROID -fdata-sections -ffunction-sections -funwind-tables -fstack-protector-strong -no-canonical-prefixes -mstackrealign -D_FORTIFY_SOURCE=2 -Wformat -Werror=format-security    -Wl,--exclude-libs,libgcc.a -Wl,--exclude-libs,libgcc_real.a -Wl,--exclude-libs,libatomic.a -static-libstdc++ -Wl,--build-id=sha1 -Wl,--no-rosegment -Wl,--fatal-warnings -Wl,--no-undefined -Qunused-arguments -Wl,--gc-sections  -v CMakeFiles/cmTC_65795.dir/CMakeCCompilerABI.c.o  -o cmTC_65795 ]
  ignore line: [Android (6875598, based on r399163b) clang version 11.0.5 (https://android.googlesource.com/toolchain/llvm-project 87f1315dfbea7c137aa2e6d362dbb457e388158d)]
  ignore line: [Target: i686-none-linux-android16]
  ignore line: [Thread model: posix]
  ignore line: [InstalledDir: /Users/valimagomedov/Library/Android/sdk/ndk/23.0.7123448/toolchains/llvm/prebuilt/darwin-x86_64/bin]
  ignore line: [Found candidate GCC installation: /Users/valimagomedov/Library/Android/sdk/ndk/23.0.7123448/toolchains/llvm/prebuilt/darwin-x86_64/lib/gcc/i686-linux-android/4.9.x]
  ignore line: [Found candidate GCC installation: /Users/valimagomedov/Library/Android/sdk/ndk/23.0.7123448/toolchains/llvm/prebuilt/darwin-x86_64/lib/gcc/x86_64-linux-android/4.9.x]
  ignore line: [Selected GCC installation: /Users/valimagomedov/Library/Android/sdk/ndk/23.0.7123448/toolchains/llvm/prebuilt/darwin-x86_64/lib/gcc/i686-linux-android/4.9.x]
  ignore line: [Candidate multilib: .]
  ignore line: [@m32]
  ignore line: [Selected multilib: .]
  ignore line: [@m32]
  link line: [ "/Users/valimagomedov/Library/Android/sdk/ndk/23.0.7123448/toolchains/llvm/prebuilt/darwin-x86_64/bin/ld" --sysroot=/Users/valimagomedov/Library/Android/sdk/ndk/23.0.7123448/toolchains/llvm/prebuilt/darwin-x86_64/sysroot -pie -z noexecstack --warn-shared-textrel -z now -z relro --hash-style=both --enable-new-dtags --eh-frame-hdr -m elf_i386 -dynamic-linker /system/bin/linker -o cmTC_65795 /Users/valimagomedov/Library/Android/sdk/ndk/23.0.7123448/toolchains/llvm/prebuilt/darwin-x86_64/sysroot/usr/lib/i686-linux-android/16/crtbegin_dynamic.o -L/Users/valimagomedov/Library/Android/sdk/ndk/23.0.7123448/toolchains/llvm/prebuilt/darwin-x86_64/lib64/clang/11.0.5/lib/linux/i386 -L/Users/valimagomedov/Library/Android/sdk/ndk/23.0.7123448/toolchains/llvm/prebuilt/darwin-x86_64/lib/gcc/i686-linux-android/4.9.x -L/Users/valimagomedov/Library/Android/sdk/ndk/23.0.7123448/toolchains/llvm/prebuilt/darwin-x86_64/sysroot/usr/lib/i686-linux-android/16 -L/Users/valimagomedov/Library/Android/sdk/ndk/23.0.7123448/toolchains/llvm/prebuilt/darwin-x86_64/sysroot/usr/lib/i686-linux-android -L/Users/valimagomedov/Library/Android/sdk/ndk/23.0.7123448/toolchains/llvm/prebuilt/darwin-x86_64/sysroot/usr/lib --exclude-libs libgcc.a --exclude-libs libgcc_real.a --exclude-libs libatomic.a --build-id=sha1 --no-rosegment --fatal-warnings --no-undefined --gc-sections CMakeFiles/cmTC_65795.dir/CMakeCCompilerABI.c.o -lgcc -ldl -lc -lgcc -ldl /Users/valimagomedov/Library/Android/sdk/ndk/23.0.7123448/toolchains/llvm/prebuilt/darwin-x86_64/sysroot/usr/lib/i686-linux-android/16/crtend_android.o]
    arg [/Users/valimagomedov/Library/Android/sdk/ndk/23.0.7123448/toolchains/llvm/prebuilt/darwin-x86_64/bin/ld] ==> ignore
    arg [--sysroot=/Users/valimagomedov/Library/Android/sdk/ndk/23.0.7123448/toolchains/llvm/prebuilt/darwin-x86_64/sysroot] ==> ignore
    arg [-pie] ==> ignore
    arg [-znoexecstack] ==> ignore
    arg [--warn-shared-textrel] ==> ignore
    arg [-znow] ==> ignore
    arg [-zrelro] ==> ignore
    arg [--hash-style=both] ==> ignore
    arg [--enable-new-dtags] ==> ignore
    arg [--eh-frame-hdr] ==> ignore
    arg [-m] ==> ignore
    arg [elf_i386] ==> ignore
    arg [-dynamic-linker] ==> ignore
    arg [/system/bin/linker] ==> ignore
    arg [-o] ==> ignore
    arg [cmTC_65795] ==> ignore
    arg [/Users/valimagomedov/Library/Android/sdk/ndk/23.0.7123448/toolchains/llvm/prebuilt/darwin-x86_64/sysroot/usr/lib/i686-linux-android/16/crtbegin_dynamic.o] ==> ignore
    arg [-L/Users/valimagomedov/Library/Android/sdk/ndk/23.0.7123448/toolchains/llvm/prebuilt/darwin-x86_64/lib64/clang/11.0.5/lib/linux/i386] ==> dir [/Users/valimagomedov/Library/Android/sdk/ndk/23.0.7123448/toolchains/llvm/prebuilt/darwin-x86_64/lib64/clang/11.0.5/lib/linux/i386]
    arg [-L/Users/valimagomedov/Library/Android/sdk/ndk/23.0.7123448/toolchains/llvm/prebuilt/darwin-x86_64/lib/gcc/i686-linux-android/4.9.x] ==> dir [/Users/valimagomedov/Library/Android/sdk/ndk/23.0.7123448/toolchains/llvm/prebuilt/darwin-x86_64/lib/gcc/i686-linux-android/4.9.x]
    arg [-L/Users/valimagomedov/Library/Android/sdk/ndk/23.0.7123448/toolchains/llvm/prebuilt/darwin-x86_64/sysroot/usr/lib/i686-linux-android/16] ==> dir [/Users/valimagomedov/Library/Android/sdk/ndk/23.0.7123448/toolchains/llvm/prebuilt/darwin-x86_64/sysroot/usr/lib/i686-linux-android/16]
    arg [-L/Users/valimagomedov/Library/Android/sdk/ndk/23.0.7123448/toolchains/llvm/prebuilt/darwin-x86_64/sysroot/usr/lib/i686-linux-android] ==> dir [/Users/valimagomedov/Library/Android/sdk/ndk/23.0.7123448/toolchains/llvm/prebuilt/darwin-x86_64/sysroot/usr/lib/i686-linux-android]
    arg [-L/Users/valimagomedov/Library/Android/sdk/ndk/23.0.7123448/toolchains/llvm/prebuilt/darwin-x86_64/sysroot/usr/lib] ==> dir [/Users/valimagomedov/Library/Android/sdk/ndk/23.0.7123448/toolchains/llvm/prebuilt/darwin-x86_64/sysroot/usr/lib]
    arg [--exclude-libs] ==> ignore
    arg [libgcc.a] ==> ignore
    arg [--exclude-libs] ==> ignore
    arg [libgcc_real.a] ==> ignore
    arg [--exclude-libs] ==> ignore
    arg [libatomic.a] ==> ignore
    arg [--build-id=sha1] ==> ignore
    arg [--no-rosegment] ==> ignore
    arg [--fatal-warnings] ==> ignore
    arg [--no-undefined] ==> ignore
    arg [--gc-sections] ==> ignore
    arg [CMakeFiles/cmTC_65795.dir/CMakeCCompilerABI.c.o] ==> ignore
    arg [-lgcc] ==> lib [gcc]
    arg [-ldl] ==> lib [dl]
    arg [-lc] ==> lib [c]
    arg [-lgcc] ==> lib [gcc]
    arg [-ldl] ==> lib [dl]
    arg [/Users/valimagomedov/Library/Android/sdk/ndk/23.0.7123448/toolchains/llvm/prebuilt/darwin-x86_64/sysroot/usr/lib/i686-linux-android/16/crtend_android.o] ==> ignore
  collapse library dir [/Users/valimagomedov/Library/Android/sdk/ndk/23.0.7123448/toolchains/llvm/prebuilt/darwin-x86_64/lib64/clang/11.0.5/lib/linux/i386] ==> [/Users/valimagomedov/Library/Android/sdk/ndk/23.0.7123448/toolchains/llvm/prebuilt/darwin-x86_64/lib64/clang/11.0.5/lib/linux/i386]
  collapse library dir [/Users/valimagomedov/Library/Android/sdk/ndk/23.0.7123448/toolchains/llvm/prebuilt/darwin-x86_64/lib/gcc/i686-linux-android/4.9.x] ==> [/Users/valimagomedov/Library/Android/sdk/ndk/23.0.7123448/toolchains/llvm/prebuilt/darwin-x86_64/lib/gcc/i686-linux-android/4.9.x]
  collapse library dir [/Users/valimagomedov/Library/Android/sdk/ndk/23.0.7123448/toolchains/llvm/prebuilt/darwin-x86_64/sysroot/usr/lib/i686-linux-android/16] ==> [/Users/valimagomedov/Library/Android/sdk/ndk/23.0.7123448/toolchains/llvm/prebuilt/darwin-x86_64/sysroot/usr/lib/i686-linux-android/16]
  collapse library dir [/Users/valimagomedov/Library/Android/sdk/ndk/23.0.7123448/toolchains/llvm/prebuilt/darwin-x86_64/sysroot/usr/lib/i686-linux-android] ==> [/Users/valimagomedov/Library/Android/sdk/ndk/23.0.7123448/toolchains/llvm/prebuilt/darwin-x86_64/sysroot/usr/lib/i686-linux-android]
  collapse library dir [/Users/valimagomedov/Library/Android/sdk/ndk/23.0.7123448/toolchains/llvm/prebuilt/darwin-x86_64/sysroot/usr/lib] ==> [/Users/valimagomedov/Library/Android/sdk/ndk/23.0.7123448/toolchains/llvm/prebuilt/darwin-x86_64/sysroot/usr/lib]
  implicit libs: [gcc;dl;c;gcc;dl]
  implicit dirs: [/Users/valimagomedov/Library/Android/sdk/ndk/23.0.7123448/toolchains/llvm/prebuilt/darwin-x86_64/lib64/clang/11.0.5/lib/linux/i386;/Users/valimagomedov/Library/Android/sdk/ndk/23.0.7123448/toolchains/llvm/prebuilt/darwin-x86_64/lib/gcc/i686-linux-android/4.9.x;/Users/valimagomedov/Library/Android/sdk/ndk/23.0.7123448/toolchains/llvm/prebuilt/darwin-x86_64/sysroot/usr/lib/i686-linux-android/16;/Users/valimagomedov/Library/Android/sdk/ndk/23.0.7123448/toolchains/llvm/prebuilt/darwin-x86_64/sysroot/usr/lib/i686-linux-android;/Users/valimagomedov/Library/Android/sdk/ndk/23.0.7123448/toolchains/llvm/prebuilt/darwin-x86_64/sysroot/usr/lib]
  implicit fwks: []




Detecting C [-std=c11] compiler features compiled with the following output:
Change Dir: /Users/valimagomedov/Projects/rpo22/libs/mbedtls/build/x86/CMakeFiles/CMakeTmp

Run Build Command:"/usr/bin/make" "cmTC_8e122/fast"
/Library/Developer/CommandLineTools/usr/bin/make -f CMakeFiles/cmTC_8e122.dir/build.make CMakeFiles/cmTC_8e122.dir/build
Building C object CMakeFiles/cmTC_8e122.dir/feature_tests.c.o
/Users/valimagomedov/Library/Android/sdk/ndk/23.0.7123448/toolchains/llvm/prebuilt/darwin-x86_64/bin/clang --target=i686-none-linux-android16 --gcc-toolchain=/Users/valimagomedov/Library/Android/sdk/ndk/23.0.7123448/toolchains/llvm/prebuilt/darwin-x86_64 --sysroot=/Users/valimagomedov/Library/Android/sdk/ndk/23.0.7123448/toolchains/llvm/prebuilt/darwin-x86_64/sysroot   -g -DANDROID -fdata-sections -ffunction-sections -funwind-tables -fstack-protector-strong -no-canonical-prefixes -mstackrealign -D_FORTIFY_SOURCE=2 -Wformat -Werror=format-security   -fPIE   -std=c11 -o CMakeFiles/cmTC_8e122.dir/feature_tests.c.o   -c /Users/valimagomedov/Projects/rpo22/libs/mbedtls/build/x86/CMakeFiles/feature_tests.c
Linking C executable cmTC_8e122
/Users/valimagomedov/Library/Android/sdk/cmake/3.10.2.4988404/bin/cmake -E cmake_link_script CMakeFiles/cmTC_8e122.dir/link.txt --verbose=1
/Users/valimagomedov/Library/Android/sdk/ndk/23.0.7123448/toolchains/llvm/prebuilt/darwin-x86_64/bin/clang --target=i686-none-linux-android16 --gcc-toolchain=/Users/valimagomedov/Library/Android/sdk/ndk/23.0.7123448/toolchains/llvm/prebuilt/darwin-x86_64 --sysroot=/Users/valimagomedov/Library/Android/sdk/ndk/23.0.7123448/toolchains/llvm/prebuilt/darwin-x86_64/sysroot -g -DANDROID -fdata-sections -ffunction-sections -funwind-tables -fstack-protector-strong -no-canonical-prefixes -mstackrealign -D_FORTIFY_SOURCE=2 -Wformat -Werror=format-security    -Wl,--exclude-libs,libgcc.a -Wl,--exclude-libs,libgcc_real.a -Wl,--exclude-libs,libatomic.a -static-libstdc++ -Wl,--build-id=sha1 -Wl,--no-rosegment -Wl,--fatal-warnings -Wl,--no-undefined -Qunused-arguments -Wl,--gc-sections   CMakeFiles/cmTC_8e122.dir/feature_tests.c.o  -o cmTC_8e122 -latomic -lm 


    Feature record: C_FEATURE:1c_function_prototypes
    Feature record: C_FEATURE:1c_restrict
    Feature record: C_FEATURE:1c_static_assert
    Feature record: C_FEATURE:1c_variadic_macros


Detecting C [-std=c99] compiler features compiled with the following output:
Change Dir: /Users/valimagomedov/Projects/rpo22/libs/mbedtls/build/x86/CMakeFiles/CMakeTmp

Run Build Command:"/usr/bin/make" "cmTC_9ecda/fast"
/Library/Developer/CommandLineTools/usr/bin/make -f CMakeFiles/cmTC_9ecda.dir/build.make CMakeFiles/cmTC_9ecda.dir/build
Building C object CMakeFiles/cmTC_9ecda.dir/feature_tests.c.o
/Users/valimagomedov/Library/Android/sdk/ndk/23.0.7123448/toolchains/llvm/prebuilt/darwin-x86_64/bin/clang --target=i686-none-linux-android16 --gcc-toolchain=/Users/valimagomedov/Library/Android/sdk/ndk/23.0.7123448/toolchains/llvm/prebuilt/darwin-x86_64 --sysroot=/Users/valimagomedov/Library/Android/sdk/ndk/23.0.7123448/toolchains/llvm/prebuilt/darwin-x86_64/sysroot   -g -DANDROID -fdata-sections -ffunction-sections -funwind-tables -fstack-protector-strong -no-canonical-prefixes -mstackrealign -D_FORTIFY_SOURCE=2 -Wformat -Werror=format-security   -fPIE   -std=c99 -o CMakeFiles/cmTC_9ecda.dir/feature_tests.c.o   -c /Users/valimagomedov/Projects/rpo22/libs/mbedtls/build/x86/CMakeFiles/feature_tests.c
Linking C executable cmTC_9ecda
/Users/valimagomedov/Library/Android/sdk/cmake/3.10.2.4988404/bin/cmake -E cmake_link_script CMakeFiles/cmTC_9ecda.dir/link.txt --verbose=1
/Users/valimagomedov/Library/Android/sdk/ndk/23.0.7123448/toolchains/llvm/prebuilt/darwin-x86_64/bin/clang --target=i686-none-linux-android16 --gcc-toolchain=/Users/valimagomedov/Library/Android/sdk/ndk/23.0.7123448/toolchains/llvm/prebuilt/darwin-x86_64 --sysroot=/Users/valimagomedov/Library/Android/sdk/ndk/23.0.7123448/toolchains/llvm/prebuilt/darwin-x86_64/sysroot -g -DANDROID -fdata-sections -ffunction-sections -funwind-tables -fstack-protector-strong -no-canonical-prefixes -mstackrealign -D_FORTIFY_SOURCE=2 -Wformat -Werror=format-security    -Wl,--exclude-libs,libgcc.a -Wl,--exclude-libs,libgcc_real.a -Wl,--exclude-libs,libatomic.a -static-libstdc++ -Wl,--build-id=sha1 -Wl,--no-rosegment -Wl,--fatal-warnings -Wl,--no-undefined -Qunused-arguments -Wl,--gc-sections   CMakeFiles/cmTC_9ecda.dir/feature_tests.c.o  -o cmTC_9ecda -latomic -lm 


    Feature record: C_FEATURE:1c_function_prototypes
    Feature record: C_FEATURE:1c_restrict
    Feature record: C_FEATURE:0c_static_assert
    Feature record: C_FEATURE:1c_variadic_macros


Detecting C [-std=c90] compiler features compiled with the following output:
Change Dir: /Users/valimagomedov/Projects/rpo22/libs/mbedtls/build/x86/CMakeFiles/CMakeTmp

Run Build Command:"/usr/bin/make" "cmTC_c5136/fast"
/Library/Developer/CommandLineTools/usr/bin/make -f CMakeFiles/cmTC_c5136.dir/build.make CMakeFiles/cmTC_c5136.dir/build
Building C object CMakeFiles/cmTC_c5136.dir/feature_tests.c.o
/Users/valimagomedov/Library/Android/sdk/ndk/23.0.7123448/toolchains/llvm/prebuilt/darwin-x86_64/bin/clang --target=i686-none-linux-android16 --gcc-toolchain=/Users/valimagomedov/Library/Android/sdk/ndk/23.0.7123448/toolchains/llvm/prebuilt/darwin-x86_64 --sysroot=/Users/valimagomedov/Library/Android/sdk/ndk/23.0.7123448/toolchains/llvm/prebuilt/darwin-x86_64/sysroot   -g -DANDROID -fdata-sections -ffunction-sections -funwind-tables -fstack-protector-strong -no-canonical-prefixes -mstackrealign -D_FORTIFY_SOURCE=2 -Wformat -Werror=format-security   -fPIE   -std=c90 -o CMakeFiles/cmTC_c5136.dir/feature_tests.c.o   -c /Users/valimagomedov/Projects/rpo22/libs/mbedtls/build/x86/CMakeFiles/feature_tests.c
Linking C executable cmTC_c5136
/Users/valimagomedov/Library/Android/sdk/cmake/3.10.2.4988404/bin/cmake -E cmake_link_script CMakeFiles/cmTC_c5136.dir/link.txt --verbose=1
/Users/valimagomedov/Library/Android/sdk/ndk/23.0.7123448/toolchains/llvm/prebuilt/darwin-x86_64/bin/clang --target=i686-none-linux-android16 --gcc-toolchain=/Users/valimagomedov/Library/Android/sdk/ndk/23.0.7123448/toolchains/llvm/prebuilt/darwin-x86_64 --sysroot=/Users/valimagomedov/Library/Android/sdk/ndk/23.0.7123448/toolchains/llvm/prebuilt/darwin-x86_64/sysroot -g -DANDROID -fdata-sections -ffunction-sections -funwind-tables -fstack-protector-strong -no-canonical-prefixes -mstackrealign -D_FORTIFY_SOURCE=2 -Wformat -Werror=format-security    -Wl,--exclude-libs,libgcc.a -Wl,--exclude-libs,libgcc_real.a -Wl,--exclude-libs,libatomic.a -static-libstdc++ -Wl,--build-id=sha1 -Wl,--no-rosegment -Wl,--fatal-warnings -Wl,--no-undefined -Qunused-arguments -Wl,--gc-sections   CMakeFiles/cmTC_c5136.dir/feature_tests.c.o  -o cmTC_c5136 -latomic -lm 


    Feature record: C_FEATURE:1c_function_prototypes
    Feature record: C_FEATURE:0c_restrict
    Feature record: C_FEATURE:0c_static_assert
    Feature record: C_FEATURE:0c_variadic_macros
Determining if the include file pthread.h exists passed with the following output:
Change Dir: /Users/valimagomedov/Projects/rpo22/libs/mbedtls/build/x86/CMakeFiles/CMakeTmp

Run Build Command:"/usr/bin/make" "cmTC_8c73b/fast"
/Library/Developer/CommandLineTools/usr/bin/make -f CMakeFiles/cmTC_8c73b.dir/build.make CMakeFiles/cmTC_8c73b.dir/build
Building C object CMakeFiles/cmTC_8c73b.dir/CheckIncludeFile.c.o
/Users/valimagomedov/Library/Android/sdk/ndk/23.0.7123448/toolchains/llvm/prebuilt/darwin-x86_64/bin/clang --target=i686-none-linux-android16 --gcc-toolchain=/Users/valimagomedov/Library/Android/sdk/ndk/23.0.7123448/toolchains/llvm/prebuilt/darwin-x86_64 --sysroot=/Users/valimagomedov/Library/Android/sdk/ndk/23.0.7123448/toolchains/llvm/prebuilt/darwin-x86_64/sysroot   -g -DANDROID -fdata-sections -ffunction-sections -funwind-tables -fstack-protector-strong -no-canonical-prefixes -mstackrealign -D_FORTIFY_SOURCE=2 -Wformat -Werror=format-security  -Wall -Wextra -Wwrite-strings -Wpointer-arith -Wimplicit-fallthrough -Wshadow -Wvla -Wformat=2 -Wno-format-nonliteral -Werror  -fPIE   -o CMakeFiles/cmTC_8c73b.dir/CheckIncludeFile.c.o   -c /Users/valimagomedov/Projects/rpo22/libs/mbedtls/build/x86/CMakeFiles/CMakeTmp/CheckIncludeFile.c
Linking C executable cmTC_8c73b
/Users/valimagomedov/Library/Android/sdk/cmake/3.10.2.4988404/bin/cmake -E cmake_link_script CMakeFiles/cmTC_8c73b.dir/link.txt --verbose=1
/Users/valimagomedov/Library/Android/sdk/ndk/23.0.7123448/toolchains/llvm/prebuilt/darwin-x86_64/bin/clang --target=i686-none-linux-android16 --gcc-toolchain=/Users/valimagomedov/Library/Android/sdk/ndk/23.0.7123448/toolchains/llvm/prebuilt/darwin-x86_64 --sysroot=/Users/valimagomedov/Library/Android/sdk/ndk/23.0.7123448/toolchains/llvm/prebuilt/darwin-x86_64/sysroot -g -DANDROID -fdata-sections -ffunction-sections -funwind-tables -fstack-protector-strong -no-canonical-prefixes -mstackrealign -D_FORTIFY_SOURCE=2 -Wformat -Werror=format-security  -Wall -Wextra -Wwrite-strings -Wpointer-arith -Wimplicit-fallthrough -Wshadow -Wvla -Wformat=2 -Wno-format-nonliteral -Werror   -Wl,--exclude-libs,libgcc.a -Wl,--exclude-libs,libgcc_real.a -Wl,--exclude-libs,libatomic.a -static-libstdc++ -Wl,--build-id=sha1 -Wl,--no-rosegment -Wl,--fatal-warnings -Wl,--no-undefined -Qunused-arguments -Wl,--gc-sections   CMakeFiles/cmTC_8c73b.dir/CheckIncludeFile.c.o  -o cmTC_8c73b -latomic -lm 


Determining if the pthread_create exist passed with the following output:
Change Dir: /Users/valimagomedov/Projects/rpo22/libs/mbedtls/build/x86/CMakeFiles/CMakeTmp

Run Build Command:"/usr/bin/make" "cmTC_39844/fast"
/Library/Developer/CommandLineTools/usr/bin/make -f CMakeFiles/cmTC_39844.dir/build.make CMakeFiles/cmTC_39844.dir/build
Building C object CMakeFiles/cmTC_39844.dir/CheckSymbolExists.c.o
/Users/valimagomedov/Library/Android/sdk/ndk/23.0.7123448/toolchains/llvm/prebuilt/darwin-x86_64/bin/clang --target=i686-none-linux-android16 --gcc-toolchain=/Users/valimagomedov/Library/Android/sdk/ndk/23.0.7123448/toolchains/llvm/prebuilt/darwin-x86_64 --sysroot=/Users/valimagomedov/Library/Android/sdk/ndk/23.0.7123448/toolchains/llvm/prebuilt/darwin-x86_64/sysroot   -g -DANDROID -fdata-sections -ffunction-sections -funwind-tables -fstack-protector-strong -no-canonical-prefixes -mstackrealign -D_FORTIFY_SOURCE=2 -Wformat -Werror=format-security  -Wall -Wextra -Wwrite-strings -Wpointer-arith -Wimplicit-fallthrough -Wshadow -Wvla -Wformat=2 -Wno-format-nonliteral -Werror  -fPIE   -o CMakeFiles/cmTC_39844.dir/CheckSymbolExists.c.o   -c /Users/valimagomedov/Projects/rpo22/libs/mbedtls/build/x86/CMakeFiles/CMakeTmp/CheckSymbolExists.c
Linking C executable cmTC_39844
/Users/valimagomedov/Library/Android/sdk/cmake/3.10.2.4988404/bin/cmake -E cmake_link_script CMakeFiles/cmTC_39844.dir/link.txt --verbose=1
/Users/valimagomedov/Library/Android/sdk/ndk/23.0.7123448/toolchains/llvm/prebuilt/darwin-x86_64/bin/clang --target=i686-none-linux-android16 --gcc-toolchain=/Users/valimagomedov/Library/Android/sdk/ndk/23.0.7123448/toolchains/llvm/prebuilt/darwin-x86_64 --sysroot=/Users/valimagomedov/Library/Android/sdk/ndk/23.0.7123448/toolchains/llvm/prebuilt/darwin-x86_64/sysroot -g -DANDROID -fdata-sections -ffunction-sections -funwind-tables -fstack-protector-strong -no-canonical-prefixes -mstackrealign -D_FORTIFY_SOURCE=2 -Wformat -Werror=format-security  -Wall -Wextra -Wwrite-strings -Wpointer-arith -Wimplicit-fallthrough -Wshadow -Wvla -Wformat=2 -Wno-format-nonliteral -Werror   -Wl,--exclude-libs,libgcc.a -Wl,--exclude-libs,libgcc_real.a -Wl,--exclude-libs,libatomic.a -static-libstdc++ -Wl,--build-id=sha1 -Wl,--no-rosegment -Wl,--fatal-warnings -Wl,--no-undefined -Qunused-arguments -Wl,--gc-sections   CMakeFiles/cmTC_39844.dir/CheckSymbolExists.c.o  -o cmTC_39844 -latomic -lm 

File /Users/valimagomedov/Projects/rpo22/libs/mbedtls/build/x86/CMakeFiles/CMakeTmp/CheckSymbolExists.c:
/* */
#include <pthread.h>

int main(int argc, char** argv)
{
  (void)argv;
#ifndef pthread_create
  return ((int*)(&pthread_create))[argc];
#else
  (void)argc;
  return 0;
#endif
}

